2025-10-08 16:00:02,525: 15deg.parquet created: contains 
         mu_R0  mu_c1_inv  mu_tau1_inv  mu_c2_inv  mu_tau2_inv       mu_T  \
SOC                                                                        
5    0.032648   0.001267     0.193181   0.001931     0.008378  13.989321   
10   0.029967   0.000849     0.100453   0.000639     0.009075  13.975132   
15   0.027791   0.000771     0.089083   0.000458     0.010771  13.879715   
20   0.026105   0.000711     0.091224   0.000400     0.013523  13.854860   
25   0.024829   0.000657     0.098466   0.000329     0.014479  13.917994   
30   0.024118   0.000949     0.102872   0.000232     0.013597  13.902278   
35   0.023901   0.000939     0.105269   0.000250     0.013980  13.879736   
40   0.023676   0.000956     0.094480   0.000233     0.011885  13.992881   
45   0.023718   0.000980     0.092182   0.000237     0.011740  13.960651   
50   0.023825   0.000974     0.096947   0.000253     0.013279  13.922819   
55   0.023938   0.001010     0.102634   0.000254     0.015074  13.896901   
60   0.024092   0.001081     0.107013   0.000224     0.016012  13.987824   
65   0.024172   0.001534     0.102699   0.000130     0.012186  13.953510   
70   0.024353   0.001118     0.094627   0.000382     0.012053  13.878443   
75   0.024714   0.001185     0.086392   0.000458     0.011350  13.948684   
80   0.025656   0.001207     0.090206   0.000468     0.013651  13.981147   
85   0.026719   0.001265     0.096627   0.000405     0.014963  13.921933   
90   0.028125   0.001433     0.133846   0.000409     0.017461  13.884234   
95   0.029145   0.002410     0.302172   0.000593     0.023465  13.894949   
100  0.030275   0.004081     0.291463   0.000251     0.020687  13.956648   

     sigma_R0  sigma_c1_inv  sigma_tau1_inv  sigma_c2_inv  sigma_tau2_inv  \
SOC                                                                         
5    0.002290      0.000354        0.016919      0.000075        0.000277   
10   0.001336      0.000093        0.005260      0.000023        0.000239   
15   0.000629      0.000059        0.002508      0.000012        0.000198   
20   0.000574      0.000046        0.003500      0.000016        0.000249   
25   0.000468      0.000045        0.003848      0.000018        0.000286   
30   0.000366      0.000041        0.002921      0.000026        0.000261   
35   0.000325      0.000045        0.002806      0.000012        0.000241   
40   0.000307      0.000042        0.002885      0.000012        0.000201   
45   0.000309      0.000043        0.001972      0.000008        0.000146   
50   0.000365      0.000045        0.003135      0.000013        0.000216   
55   0.000292      0.000049        0.002623      0.000013        0.000218   
60   0.000390      0.000058        0.003779      0.000016        0.000339   
65   0.000303      0.000073        0.004466      0.000020        0.000287   
70   0.000427      0.000072        0.002835      0.000015        0.000200   
75   0.000488      0.000066        0.002895      0.000017        0.000147   
80   0.000538      0.000058        0.002295      0.000020        0.000170   
85   0.001143      0.000078        0.006256      0.000027        0.000320   
90   0.001292      0.000081        0.010787      0.000035        0.000396   
95   0.002795      0.000557        0.060784      0.000077        0.001523   
100  0.002293      0.000958        0.047165      0.000080        0.000725   

      sigma_T      rho1      rho2  
SOC                                
5    0.176744  0.742542  0.644288  
10   0.180900  0.097816  0.663514  
15   0.187549  0.083936  0.621455  
20   0.183796 -0.073634  0.638140  
25   0.170836 -0.112525  0.789514  
30   0.174675  0.020111  0.641663  
35   0.168024 -0.081511  0.646795  
40   0.163004 -0.049393  0.706860  
45   0.173971  0.297494  0.376877  
50   0.179026 -0.013453  0.703089  
55   0.173365 -0.128330  0.632333  
60   0.176481  0.112260  0.790660  
65   0.180698  0.043222  0.765645  
70   0.182513  0.138112  0.461938  
75   0.177741  0.090359  0.593279  
80   0.180844 -0.194113  0.764244  
85   0.186229 -0.042516  0.844908  
90   0.186043  0.352021  0.855110  
95   0.182665  0.786871  0.938017  
100  0.184363  0.752764  0.679855   


2025-10-08 16:00:03,255: 25deg.parquet created: contains 
         mu_R0  mu_c1_inv  mu_tau1_inv  mu_c2_inv  mu_tau2_inv       mu_T  \
SOC                                                                        
0    0.023205   0.000468     0.113277   0.001025     0.006264  24.725342   
5    0.021121   0.000668     0.092839   0.000455     0.007200  24.711512   
10   0.019685   0.000639     0.087248   0.000335     0.008748  24.712588   
15   0.018704   0.000610     0.083922   0.000278     0.010713  24.821722   
20   0.018006   0.000466     0.083029   0.000292     0.013141  24.813001   
25   0.017654   0.000754     0.113385   0.000164     0.015053  24.706861   
30   0.017458   0.000800     0.112964   0.000174     0.015257  24.820101   
35   0.017431   0.000706     0.124904   0.000246     0.016933  24.714904   
40   0.017255   0.000709     0.116548   0.000236     0.016217  24.813873   
45   0.017305   0.000723     0.092006   0.000192     0.011760  24.692962   
50   0.017220   0.000694     0.094722   0.000204     0.012668  24.817617   
55   0.017268   0.000716     0.105968   0.000197     0.016778  24.812178   
60   0.017284   0.000781     0.108840   0.000174     0.016920  24.857922   
65   0.017382   0.000852     0.090673   0.000265     0.012746  24.840423   
70   0.017370   0.000754     0.085516   0.000312     0.010928  24.823957   
75   0.017730   0.000830     0.079604   0.000406     0.013858  24.842493   
80   0.018104   0.000892     0.086871   0.000389     0.015225  24.806772   
85   0.018676   0.000915     0.092423   0.000289     0.016011  24.844461   
90   0.019293   0.001020     0.100606   0.000221     0.015985  24.789461   
95   0.020319   0.001122     0.115888   0.000170     0.015697  24.849306   
100  0.021189   0.001817     0.240991   0.000293     0.023673  24.810939   

     sigma_R0  sigma_c1_inv  sigma_tau1_inv  sigma_c2_inv  sigma_tau2_inv  \
SOC                                                                         
0    0.001142      0.000101        0.003534      0.000017        0.000139   
5    0.000421      0.000064        0.002087      0.000011        0.000152   
10   0.000286      0.000039        0.001275      0.000007        0.000147   
15   0.000216      0.000038        0.001649      0.000009        0.000658   
20   0.000211      0.000085        0.003233      0.000021        0.001081   
25   0.000238      0.000042        0.004062      0.000010        0.000300   
30   0.000219      0.000050        0.004007      0.000030        0.000428   
35   0.000148      0.000041        0.004766      0.000012        0.000288   
40   0.000251      0.000053        0.006367      0.000019        0.000544   
45   0.000188      0.000048        0.002013      0.000012        0.000210   
50   0.000223      0.000044        0.004087      0.000012        0.000629   
55   0.000214      0.000041        0.004253      0.000018        0.000501   
60   0.000212      0.000071        0.005101      0.000019        0.000470   
65   0.000238      0.000131        0.004597      0.000017        0.000263   
70   0.000216      0.000070        0.003682      0.000014        0.000276   
75   0.000252      0.000054        0.002273      0.000016        0.000285   
80   0.000263      0.000055        0.002133      0.000018        0.000221   
85   0.000285      0.000051        0.002945      0.000022        0.000415   
90   0.000252      0.000069        0.002800      0.000019        0.000413   
95   0.000600      0.000071        0.006214      0.000023        0.000759   
100  0.001105      0.000219        0.028141      0.000040        0.000823   

      sigma_T      rho1      rho2  
SOC                                
0    0.158059  0.156446  0.215419  
5    0.158271  0.232992  0.476596  
10   0.159635  0.170195  0.274498  
15   0.206166  0.005794  0.126016  
20   0.206634 -0.754244  0.822099  
25   0.157415  0.151529  0.483817  
30   0.202657 -0.184712  0.766596  
35   0.157334 -0.069303  0.569219  
40   0.202676 -0.130861  0.793114  
45   0.162191  0.247675  0.496043  
50   0.197877  0.048087  0.582695  
55   0.200571 -0.042197  0.200611  
60   0.171317  0.458125  0.553824  
65   0.192459  0.779136  0.664396  
70   0.164018  0.577978  0.330486  
75   0.193842  0.070829  0.674616  
80   0.157048 -0.357292  0.568673  
85   0.195016 -0.085956  0.605922  
90   0.160184 -0.003975  0.722462  
95   0.192689  0.399912  0.838478  
100  0.155038  0.842339  0.939742   


2025-10-08 16:00:03,418: 35deg.parquet created: contains 
         mu_R0  mu_c1_inv  mu_tau1_inv  mu_c2_inv  mu_tau2_inv       mu_T  \
SOC                                                                        
5    0.018358   0.000326     0.112746   0.000698     0.005108  35.564203   
10   0.017044   0.000596     0.101773   0.000361     0.006158  35.543634   
15   0.016211   0.000603     0.096937   0.000268     0.007608  35.570284   
20   0.015664   0.000599     0.091747   0.000212     0.010045  35.556883   
25   0.015306   0.000331     0.087525   0.000234     0.013641  35.515305   
30   0.015051   0.000639     0.105132   0.000108     0.016131  35.562425   
35   0.014963   0.000563     0.108482   0.000207     0.018558  35.573394   
40   0.014853   0.000642     0.120451   0.000199     0.019152  35.564373   
45   0.014853   0.000591     0.098211   0.000152     0.014246  35.569137   
50   0.014849   0.000575     0.101774   0.000166     0.015296  35.523375   
55   0.014839   0.000592     0.108154   0.000160     0.017920  35.515844   
60   0.014899   0.000687     0.118282   0.000121     0.017424  35.513489   
65   0.015028   0.001090     0.101831   0.000049     0.014602  35.517796   
70   0.015030   0.000570     0.083031   0.000273     0.010186  35.519881   
75   0.015173   0.000722     0.083263   0.000328     0.013865  35.535693   
80   0.015541   0.000757     0.093915   0.000315     0.017204  35.545354   
85   0.015943   0.000812     0.100186   0.000224     0.016474  35.517137   
90   0.016379   0.000880     0.107084   0.000148     0.015564  35.444257   
95   0.017109   0.000925     0.113858   0.000113     0.014208  35.488564   
100  0.018022   0.001431     0.223526   0.000206     0.023566  35.544222   

     sigma_R0  sigma_c1_inv  sigma_tau1_inv  sigma_c2_inv  sigma_tau2_inv  \
SOC                                                                         
5    0.000466      0.000064        0.001814      0.000012        0.000058   
10   0.000242      0.000049        0.001272      0.000007        0.000086   
15   0.000187      0.000038        0.001317      0.000008        0.000140   
20   0.000119      0.000040        0.001800      0.000008        0.000255   
25   0.000176      0.000031        0.002419      0.000007        0.000391   
30   0.000158      0.000036        0.004212      0.000008        0.000439   
35   0.000190      0.000063        0.008006      0.000014        0.000945   
40   0.000144      0.000049        0.008499      0.000014        0.000850   
45   0.000116      0.000043        0.002888      0.000010        0.000395   
50   0.000186      0.000043        0.002934      0.000009        0.000394   
55   0.000184      0.000046        0.003212      0.000009        0.000570   
60   0.000188      0.000047        0.003417      0.000009        0.000587   
65   0.000195      0.000054        0.003005      0.000013        0.000370   
70   0.000172      0.000044        0.001763      0.000010        0.000215   
75   0.000176      0.000055        0.002123      0.000016        0.000261   
80   0.000218      0.000052        0.002919      0.000017        0.000459   
85   0.000167      0.000053        0.001894      0.000013        0.000396   
90   0.000219      0.000051        0.002190      0.000011        0.000355   
95   0.000265      0.000055        0.003276      0.000009        0.000460   
100  0.000539      0.000126        0.015437      0.000026        0.000608   

      sigma_T      rho1      rho2  
SOC                                
5    0.178865  0.086302  0.357561  
10   0.177445 -0.172531  0.201678  
15   0.181342 -0.005588  0.457809  
20   0.179355 -0.072240  0.195241  
25   0.175322 -0.006196  0.269654  
30   0.175402 -0.262171  0.585002  
35   0.179256  0.347260  0.602495  
40   0.180813  0.018474  0.696835  
45   0.180767  0.016451  0.691942  
50   0.170664  0.089262  0.492179  
55   0.170911  0.054710  0.473781  
60   0.169993  0.099880  0.478212  
65   0.170453 -0.057081  0.561603  
70   0.174248  0.093080  0.182596  
75   0.177818 -0.118642  0.528027  
80   0.176936 -0.253451  0.765659  
85   0.170429 -0.402563  0.601572  
90   0.162554 -0.354987  0.586649  
95   0.168145  0.272775  0.621892  
100  0.180285  0.406536  0.793621   


2025-10-08 16:00:03,590: 45deg.parquet created: contains 
         mu_R0  mu_c1_inv  mu_tau1_inv  mu_c2_inv  mu_tau2_inv       mu_T  \
SOC                                                                        
5    0.016170   0.000224     0.126105   0.000618     0.004592  46.781007   
10   0.015229   0.000557     0.117759   0.000318     0.005457  46.827151   
15   0.014683   0.000613     0.112918   0.000232     0.006560  46.784011   
20   0.014345   0.000612     0.106346   0.000177     0.008318  46.519525   
25   0.014176   0.000287     0.096313   0.000220     0.011779  46.210341   
30   0.013939   0.000588     0.097295   0.000063     0.015564  46.663336   
35   0.013861   0.000536     0.092462   0.000135     0.016727  46.574529   
40   0.013807   0.000550     0.113077   0.000161     0.021073  46.270920   
45   0.013789   0.000562     0.117636   0.000173     0.021085  46.455148   
50   0.013785   0.000513     0.106213   0.000129     0.016492  46.729535   
55   0.013740   0.000508     0.107646   0.000135     0.016537  46.685496   
60   0.013789   0.000575     0.120914   0.000109     0.018238  46.620775   
65   0.013871   0.000958     0.108960   0.000023     0.015650  46.759719   
70   0.013905   0.000487     0.091383   0.000233     0.010449  46.676127   
75   0.014035   0.000601     0.092389   0.000290     0.015148  46.697200   
80   0.014274   0.000682     0.101565   0.000252     0.017798  46.801079   
85   0.014573   0.000735     0.111281   0.000173     0.016698  46.841419   
90   0.014945   0.000770     0.121056   0.000116     0.015405  46.780462   
95   0.015497   0.000804     0.127569   0.000093     0.013837  46.726551   
100  0.016400   0.001212     0.218061   0.000149     0.023266  46.792090   

     sigma_R0  sigma_c1_inv  sigma_tau1_inv  sigma_c2_inv  sigma_tau2_inv  \
SOC                                                                         
5    0.000355      0.000064        0.002000      0.000009        0.000049   
10   0.000193      0.000043        0.001305      0.000005        0.000089   
15   0.000221      0.000042        0.001698      0.000005        0.000132   
20   0.000165      0.000040        0.001431      0.000005        0.000200   
25   0.000178      0.000039        0.001581      0.000009        0.000381   
30   0.000164      0.000031        0.003020      0.000009        0.000596   
35   0.000131      0.000036        0.002368      0.000010        0.000603   
40   0.000149      0.000011        0.005966      0.000013        0.000812   
45   0.000145      0.000039        0.005632      0.000012        0.000789   
50   0.000146      0.000027        0.003310      0.000008        0.000641   
55   0.000158      0.000042        0.003174      0.000010        0.000628   
60   0.000154      0.000067        0.008814      0.000015        0.000795   
65   0.000199      0.000048        0.002824      0.000008        0.000464   
70   0.000173      0.000041        0.001813      0.000009        0.000191   
75   0.000189      0.000050        0.001665      0.000011        0.000313   
80   0.000193      0.000046        0.002394      0.000012        0.000462   
85   0.000217      0.000045        0.002154      0.000011        0.000562   
90   0.000199      0.000041        0.003435      0.000008        0.000588   
95   0.000270      0.000042        0.003153      0.000007        0.000515   
100  0.000313      0.000106        0.009611      0.000015        0.000481   

      sigma_T      rho1      rho2  
SOC                                
5    0.315333 -0.003800  0.358532  
10   0.321325 -0.227126  0.414517  
15   0.315372  0.071162  0.567113  
20   0.272366 -0.033776  0.430748  
25   0.228482  0.039705  0.258775  
30   0.294997 -0.272553  0.574848  
35   0.283053 -0.184973  0.518637  
40   0.236498  0.183386  0.843165  
45   0.263953  0.093578  0.702795  
50   0.304963 -0.003103  0.661062  
55   0.300269 -0.225435  0.577519  
60   0.280303  0.758055 -0.116518  
65   0.314800 -0.083962  0.368575  
70   0.302517  0.116108  0.064782  
75   0.303414 -0.071099  0.508551  
80   0.316010 -0.007958  0.532281  
85   0.320554 -0.241208  0.506754  
90   0.315176  0.295025  0.635464  
95   0.307958  0.105494  0.604001  
100  0.317490  0.310871  0.619906   


2025-10-22 00:53:21,905:No parametrization data found at C:\Users\aregm\Downloads\RWTH\Elektrotechnik\Probabilistic Modelling for Batteries\data\parametrization\15deg
 Exiting...
2025-10-22 01:03:46,042: 15deg.parquet created: contains 
         mu_R0  mu_c1_inv  mu_tau1_inv  mu_c2_inv  mu_tau2_inv       mu_T  \
SOC                                                                        
5    0.032648   0.001267     0.193181   0.001931     0.008378  13.989321   
10   0.029967   0.000849     0.100453   0.000639     0.009075  13.975132   
15   0.027791   0.000771     0.089083   0.000458     0.010771  13.879715   
20   0.026105   0.000711     0.091224   0.000400     0.013523  13.854860   
25   0.024829   0.000657     0.098466   0.000329     0.014479  13.917994   
30   0.024118   0.000949     0.102872   0.000232     0.013597  13.902278   
35   0.023901   0.000939     0.105269   0.000250     0.013980  13.879736   
40   0.023676   0.000956     0.094480   0.000233     0.011885  13.992881   
45   0.023718   0.000980     0.092182   0.000237     0.011740  13.960651   
50   0.023825   0.000974     0.096947   0.000253     0.013279  13.922819   
55   0.023938   0.001010     0.102634   0.000254     0.015074  13.896901   
60   0.024092   0.001081     0.107013   0.000224     0.016012  13.987824   
65   0.024172   0.001534     0.102699   0.000130     0.012186  13.953510   
70   0.024353   0.001118     0.094627   0.000382     0.012053  13.878443   
75   0.024714   0.001185     0.086392   0.000458     0.011350  13.948684   
80   0.025656   0.001207     0.090206   0.000468     0.013651  13.981147   
85   0.026719   0.001265     0.096627   0.000405     0.014963  13.921933   
90   0.028125   0.001433     0.133846   0.000409     0.017461  13.884234   
95   0.029145   0.002410     0.302172   0.000593     0.023465  13.894949   
100  0.030275   0.004081     0.291463   0.000251     0.020687  13.956648   

     sigma_R0  sigma_c1_inv  sigma_tau1_inv  sigma_c2_inv  sigma_tau2_inv  \
SOC                                                                         
5    0.002290      0.000354        0.016919      0.000075        0.000277   
10   0.001336      0.000093        0.005260      0.000023        0.000239   
15   0.000629      0.000059        0.002508      0.000012        0.000198   
20   0.000574      0.000046        0.003500      0.000016        0.000249   
25   0.000468      0.000045        0.003848      0.000018        0.000286   
30   0.000366      0.000041        0.002921      0.000026        0.000261   
35   0.000325      0.000045        0.002806      0.000012        0.000241   
40   0.000307      0.000042        0.002885      0.000012        0.000201   
45   0.000309      0.000043        0.001972      0.000008        0.000146   
50   0.000365      0.000045        0.003135      0.000013        0.000216   
55   0.000292      0.000049        0.002623      0.000013        0.000218   
60   0.000390      0.000058        0.003779      0.000016        0.000339   
65   0.000303      0.000073        0.004466      0.000020        0.000287   
70   0.000427      0.000072        0.002835      0.000015        0.000200   
75   0.000488      0.000066        0.002895      0.000017        0.000147   
80   0.000538      0.000058        0.002295      0.000020        0.000170   
85   0.001143      0.000078        0.006256      0.000027        0.000320   
90   0.001292      0.000081        0.010787      0.000035        0.000396   
95   0.002795      0.000557        0.060784      0.000077        0.001523   
100  0.002293      0.000958        0.047165      0.000080        0.000725   

      sigma_T      rho1      rho2  
SOC                                
5    0.176744  0.742542  0.644288  
10   0.180900  0.097816  0.663514  
15   0.187549  0.083936  0.621455  
20   0.183796 -0.073634  0.638140  
25   0.170836 -0.112525  0.789514  
30   0.174675  0.020111  0.641663  
35   0.168024 -0.081511  0.646795  
40   0.163004 -0.049393  0.706860  
45   0.173971  0.297494  0.376877  
50   0.179026 -0.013453  0.703089  
55   0.173365 -0.128330  0.632333  
60   0.176481  0.112260  0.790660  
65   0.180698  0.043222  0.765645  
70   0.182513  0.138112  0.461938  
75   0.177741  0.090359  0.593279  
80   0.180844 -0.194113  0.764244  
85   0.186229 -0.042516  0.844908  
90   0.186043  0.352021  0.855110  
95   0.182665  0.786871  0.938017  
100  0.184363  0.752764  0.679855   


2025-10-22 01:03:50,068: 25deg.parquet created: contains 
         mu_R0  mu_c1_inv  mu_tau1_inv  mu_c2_inv  mu_tau2_inv       mu_T  \
SOC                                                                        
0    0.023205   0.000468     0.113277   0.001025     0.006264  24.725342   
5    0.021121   0.000668     0.092839   0.000455     0.007200  24.711512   
10   0.019685   0.000639     0.087248   0.000335     0.008748  24.712588   
15   0.018704   0.000610     0.083922   0.000278     0.010713  24.821722   
20   0.018006   0.000466     0.083029   0.000292     0.013141  24.813001   
25   0.017654   0.000754     0.113385   0.000164     0.015053  24.706861   
30   0.017458   0.000800     0.112964   0.000174     0.015257  24.820101   
35   0.017431   0.000706     0.124904   0.000246     0.016933  24.714904   
40   0.017255   0.000709     0.116548   0.000236     0.016217  24.813873   
45   0.017305   0.000723     0.092006   0.000192     0.011760  24.692962   
50   0.017220   0.000694     0.094722   0.000204     0.012668  24.817617   
55   0.017268   0.000716     0.105968   0.000197     0.016778  24.812178   
60   0.017284   0.000781     0.108840   0.000174     0.016920  24.857922   
65   0.017382   0.000852     0.090673   0.000265     0.012746  24.840423   
70   0.017370   0.000754     0.085516   0.000312     0.010928  24.823957   
75   0.017730   0.000830     0.079604   0.000406     0.013858  24.842493   
80   0.018104   0.000892     0.086871   0.000389     0.015225  24.806772   
85   0.018676   0.000915     0.092423   0.000289     0.016011  24.844461   
90   0.019293   0.001020     0.100606   0.000221     0.015985  24.789461   
95   0.020319   0.001122     0.115888   0.000170     0.015697  24.849306   
100  0.021189   0.001817     0.240991   0.000293     0.023673  24.810939   

     sigma_R0  sigma_c1_inv  sigma_tau1_inv  sigma_c2_inv  sigma_tau2_inv  \
SOC                                                                         
0    0.001142      0.000101        0.003534      0.000017        0.000139   
5    0.000421      0.000064        0.002087      0.000011        0.000152   
10   0.000286      0.000039        0.001275      0.000007        0.000147   
15   0.000216      0.000038        0.001649      0.000009        0.000658   
20   0.000211      0.000085        0.003233      0.000021        0.001081   
25   0.000238      0.000042        0.004062      0.000010        0.000300   
30   0.000219      0.000050        0.004007      0.000030        0.000428   
35   0.000148      0.000041        0.004766      0.000012        0.000288   
40   0.000251      0.000053        0.006367      0.000019        0.000544   
45   0.000188      0.000048        0.002013      0.000012        0.000210   
50   0.000223      0.000044        0.004087      0.000012        0.000629   
55   0.000214      0.000041        0.004253      0.000018        0.000501   
60   0.000212      0.000071        0.005101      0.000019        0.000470   
65   0.000238      0.000131        0.004597      0.000017        0.000263   
70   0.000216      0.000070        0.003682      0.000014        0.000276   
75   0.000252      0.000054        0.002273      0.000016        0.000285   
80   0.000263      0.000055        0.002133      0.000018        0.000221   
85   0.000285      0.000051        0.002945      0.000022        0.000415   
90   0.000252      0.000069        0.002800      0.000019        0.000413   
95   0.000600      0.000071        0.006214      0.000023        0.000759   
100  0.001105      0.000219        0.028141      0.000040        0.000823   

      sigma_T      rho1      rho2  
SOC                                
0    0.158059  0.156446  0.215419  
5    0.158271  0.232992  0.476596  
10   0.159635  0.170195  0.274498  
15   0.206166  0.005794  0.126016  
20   0.206634 -0.754244  0.822099  
25   0.157415  0.151529  0.483817  
30   0.202657 -0.184712  0.766596  
35   0.157334 -0.069303  0.569219  
40   0.202676 -0.130861  0.793114  
45   0.162191  0.247675  0.496043  
50   0.197877  0.048087  0.582695  
55   0.200571 -0.042197  0.200611  
60   0.171317  0.458125  0.553824  
65   0.192459  0.779136  0.664396  
70   0.164018  0.577978  0.330486  
75   0.193842  0.070829  0.674616  
80   0.157048 -0.357292  0.568673  
85   0.195016 -0.085956  0.605922  
90   0.160184 -0.003975  0.722462  
95   0.192689  0.399912  0.838478  
100  0.155038  0.842339  0.939742   


2025-10-22 01:03:50,680: 35deg.parquet created: contains 
         mu_R0  mu_c1_inv  mu_tau1_inv  mu_c2_inv  mu_tau2_inv       mu_T  \
SOC                                                                        
5    0.018358   0.000326     0.112746   0.000698     0.005108  35.564203   
10   0.017044   0.000596     0.101773   0.000361     0.006158  35.543634   
15   0.016211   0.000603     0.096937   0.000268     0.007608  35.570284   
20   0.015664   0.000599     0.091747   0.000212     0.010045  35.556883   
25   0.015306   0.000331     0.087525   0.000234     0.013641  35.515305   
30   0.015051   0.000639     0.105132   0.000108     0.016131  35.562425   
35   0.014963   0.000563     0.108482   0.000207     0.018558  35.573394   
40   0.014853   0.000642     0.120451   0.000199     0.019152  35.564373   
45   0.014853   0.000591     0.098211   0.000152     0.014246  35.569137   
50   0.014849   0.000575     0.101774   0.000166     0.015296  35.523375   
55   0.014839   0.000592     0.108154   0.000160     0.017920  35.515844   
60   0.014899   0.000687     0.118282   0.000121     0.017424  35.513489   
65   0.015028   0.001090     0.101831   0.000049     0.014602  35.517796   
70   0.015030   0.000570     0.083031   0.000273     0.010186  35.519881   
75   0.015173   0.000722     0.083263   0.000328     0.013865  35.535693   
80   0.015541   0.000757     0.093915   0.000315     0.017204  35.545354   
85   0.015943   0.000812     0.100186   0.000224     0.016474  35.517137   
90   0.016379   0.000880     0.107084   0.000148     0.015564  35.444257   
95   0.017109   0.000925     0.113858   0.000113     0.014208  35.488564   
100  0.018022   0.001431     0.223526   0.000206     0.023566  35.544222   

     sigma_R0  sigma_c1_inv  sigma_tau1_inv  sigma_c2_inv  sigma_tau2_inv  \
SOC                                                                         
5    0.000466      0.000064        0.001814      0.000012        0.000058   
10   0.000242      0.000049        0.001272      0.000007        0.000086   
15   0.000187      0.000038        0.001317      0.000008        0.000140   
20   0.000119      0.000040        0.001800      0.000008        0.000255   
25   0.000176      0.000031        0.002419      0.000007        0.000391   
30   0.000158      0.000036        0.004212      0.000008        0.000439   
35   0.000190      0.000063        0.008006      0.000014        0.000945   
40   0.000144      0.000049        0.008499      0.000014        0.000850   
45   0.000116      0.000043        0.002888      0.000010        0.000395   
50   0.000186      0.000043        0.002934      0.000009        0.000394   
55   0.000184      0.000046        0.003212      0.000009        0.000570   
60   0.000188      0.000047        0.003417      0.000009        0.000587   
65   0.000195      0.000054        0.003005      0.000013        0.000370   
70   0.000172      0.000044        0.001763      0.000010        0.000215   
75   0.000176      0.000055        0.002123      0.000016        0.000261   
80   0.000218      0.000052        0.002919      0.000017        0.000459   
85   0.000167      0.000053        0.001894      0.000013        0.000396   
90   0.000219      0.000051        0.002190      0.000011        0.000355   
95   0.000265      0.000055        0.003276      0.000009        0.000460   
100  0.000539      0.000126        0.015437      0.000026        0.000608   

      sigma_T      rho1      rho2  
SOC                                
5    0.178865  0.086302  0.357561  
10   0.177445 -0.172531  0.201678  
15   0.181342 -0.005588  0.457809  
20   0.179355 -0.072240  0.195241  
25   0.175322 -0.006196  0.269654  
30   0.175402 -0.262171  0.585002  
35   0.179256  0.347260  0.602495  
40   0.180813  0.018474  0.696835  
45   0.180767  0.016451  0.691942  
50   0.170664  0.089262  0.492179  
55   0.170911  0.054710  0.473781  
60   0.169993  0.099880  0.478212  
65   0.170453 -0.057081  0.561603  
70   0.174248  0.093080  0.182596  
75   0.177818 -0.118642  0.528027  
80   0.176936 -0.253451  0.765659  
85   0.170429 -0.402563  0.601572  
90   0.162554 -0.354987  0.586649  
95   0.168145  0.272775  0.621892  
100  0.180285  0.406536  0.793621   


2025-10-22 01:03:51,283: 45deg.parquet created: contains 
         mu_R0  mu_c1_inv  mu_tau1_inv  mu_c2_inv  mu_tau2_inv       mu_T  \
SOC                                                                        
5    0.016170   0.000224     0.126105   0.000618     0.004592  46.781007   
10   0.015229   0.000557     0.117759   0.000318     0.005457  46.827151   
15   0.014683   0.000613     0.112918   0.000232     0.006560  46.784011   
20   0.014345   0.000612     0.106346   0.000177     0.008318  46.519525   
25   0.014176   0.000287     0.096313   0.000220     0.011779  46.210341   
30   0.013939   0.000588     0.097295   0.000063     0.015564  46.663336   
35   0.013861   0.000536     0.092462   0.000135     0.016727  46.574529   
40   0.013807   0.000550     0.113077   0.000161     0.021073  46.270920   
45   0.013789   0.000562     0.117636   0.000173     0.021085  46.455148   
50   0.013785   0.000513     0.106213   0.000129     0.016492  46.729535   
55   0.013740   0.000508     0.107646   0.000135     0.016537  46.685496   
60   0.013789   0.000575     0.120914   0.000109     0.018238  46.620775   
65   0.013871   0.000958     0.108960   0.000023     0.015650  46.759719   
70   0.013905   0.000487     0.091383   0.000233     0.010449  46.676127   
75   0.014035   0.000601     0.092389   0.000290     0.015148  46.697200   
80   0.014274   0.000682     0.101565   0.000252     0.017798  46.801079   
85   0.014573   0.000735     0.111281   0.000173     0.016698  46.841419   
90   0.014945   0.000770     0.121056   0.000116     0.015405  46.780462   
95   0.015497   0.000804     0.127569   0.000093     0.013837  46.726551   
100  0.016400   0.001212     0.218061   0.000149     0.023266  46.792090   

     sigma_R0  sigma_c1_inv  sigma_tau1_inv  sigma_c2_inv  sigma_tau2_inv  \
SOC                                                                         
5    0.000355      0.000064        0.002000      0.000009        0.000049   
10   0.000193      0.000043        0.001305      0.000005        0.000089   
15   0.000221      0.000042        0.001698      0.000005        0.000132   
20   0.000165      0.000040        0.001431      0.000005        0.000200   
25   0.000178      0.000039        0.001581      0.000009        0.000381   
30   0.000164      0.000031        0.003020      0.000009        0.000596   
35   0.000131      0.000036        0.002368      0.000010        0.000603   
40   0.000149      0.000011        0.005966      0.000013        0.000812   
45   0.000145      0.000039        0.005632      0.000012        0.000789   
50   0.000146      0.000027        0.003310      0.000008        0.000641   
55   0.000158      0.000042        0.003174      0.000010        0.000628   
60   0.000154      0.000067        0.008814      0.000015        0.000795   
65   0.000199      0.000048        0.002824      0.000008        0.000464   
70   0.000173      0.000041        0.001813      0.000009        0.000191   
75   0.000189      0.000050        0.001665      0.000011        0.000313   
80   0.000193      0.000046        0.002394      0.000012        0.000462   
85   0.000217      0.000045        0.002154      0.000011        0.000562   
90   0.000199      0.000041        0.003435      0.000008        0.000588   
95   0.000270      0.000042        0.003153      0.000007        0.000515   
100  0.000313      0.000106        0.009611      0.000015        0.000481   

      sigma_T      rho1      rho2  
SOC                                
5    0.315333 -0.003800  0.358532  
10   0.321325 -0.227126  0.414517  
15   0.315372  0.071162  0.567113  
20   0.272366 -0.033776  0.430748  
25   0.228482  0.039705  0.258775  
30   0.294997 -0.272553  0.574848  
35   0.283053 -0.184973  0.518637  
40   0.236498  0.183386  0.843165  
45   0.263953  0.093578  0.702795  
50   0.304963 -0.003103  0.661062  
55   0.300269 -0.225435  0.577519  
60   0.280303  0.758055 -0.116518  
65   0.314800 -0.083962  0.368575  
70   0.302517  0.116108  0.064782  
75   0.303414 -0.071099  0.508551  
80   0.316010 -0.007958  0.532281  
85   0.320554 -0.241208  0.506754  
90   0.315176  0.295025  0.635464  
95   0.307958  0.105494  0.604001  
100  0.317490  0.310871  0.619906   


